[INFO] 23-03-2025 00:21:40 [main] [DriverFactory] - config.properties file has been loaded successfully
[INFO] 23-03-2025 00:21:43 [main] [DriverFactory] - chrome browser has been selected
[INFO] 23-03-2025 00:21:43 [main] [LoginPage] - Entered username: By.xpath: //input[@id='user-name'] into the username field
[INFO] 23-03-2025 00:21:43 [main] [LoginPage] - Entered password: By.xpath: //input[@id='password'] into the password field
[INFO] 23-03-2025 00:21:44 [main] [LoginPage] - Clicked login button: By.xpath: //input[@id='login-button']
[INFO] 23-03-2025 00:21:44 [main] [ProductPage] - Waiting for product page label to be visible: By.xpath: //div[@class='product_label']
[INFO] 23-03-2025 00:21:44 [main] [ProductPage] - Retrieved product page label: 'Products'
[INFO] 23-03-2025 00:21:44 [main] [ProductPage] - User clicked 'Add to Cart' button for product: Sauce Labs Backpack
[INFO] 23-03-2025 00:21:44 [main] [ProductPage] - User clicked 'Cart' button, navigating to Cart Page: By.xpath: //a[contains(@class,'shopping_cart_link fa-layers')]
[INFO] 23-03-2025 00:21:44 [main] [ProductPage] - Added product are visible
[INFO] 23-03-2025 00:21:44 [main] [CheckoutPage] - Checkout button clicked successfully: By.xpath: //a[@class='btn_action checkout_button']
[INFO] 23-03-2025 00:21:44 [main] [CheckoutPage] - First Name entered: Injas
[INFO] 23-03-2025 00:21:44 [main] [CheckoutPage] - Last Name entered: Mahendra Berutu
[INFO] 23-03-2025 00:21:44 [main] [CheckoutPage] - Zip Code entered: 99999
[INFO] 23-03-2025 00:21:44 [main] [CheckoutPage] - ✔️ User information form filled successfully.
[INFO] 23-03-2025 00:21:44 [main] [CheckoutPage] - Clicking the 'Continue to Checkout' button
[INFO] 23-03-2025 00:21:45 [main] [CheckoutPage] - 'Continue to Checkout' button clicked
[INFO] 23-03-2025 00:21:45 [main] [CheckoutPage] - Checkout Overview page is visible with header: 'Checkout: Overview'
[INFO] 23-03-2025 00:22:11 [main] [DriverFactory] - config.properties file has been loaded successfully
[INFO] 23-03-2025 00:22:12 [main] [DriverFactory] - chrome browser has been selected
[INFO] 23-03-2025 00:22:12 [main] [LoginPage] - Entered username: By.xpath: //input[@id='user-name'] into the username field
[INFO] 23-03-2025 00:22:12 [main] [LoginPage] - Entered password: By.xpath: //input[@id='password'] into the password field
[INFO] 23-03-2025 00:22:12 [main] [LoginPage] - Clicked login button: By.xpath: //input[@id='login-button']
[INFO] 23-03-2025 00:22:12 [main] [ProductPage] - Waiting for product page label to be visible: By.xpath: //div[@class='product_label']
[INFO] 23-03-2025 00:22:12 [main] [ProductPage] - Retrieved product page label: 'Products'
[INFO] 23-03-2025 00:22:12 [main] [ProductPage] - User clicked 'Add to Cart' button for product: Sauce Labs Backpack
[INFO] 23-03-2025 00:22:13 [main] [ProductPage] - User clicked 'Cart' button, navigating to Cart Page: By.xpath: //a[contains(@class,'shopping_cart_link fa-layers')]
[INFO] 23-03-2025 00:22:13 [main] [ProductPage] - Added product are visible
[INFO] 23-03-2025 00:22:13 [main] [CheckoutPage] - Checkout button clicked successfully: By.xpath: //a[@class='btn_action checkout_button']
[INFO] 23-03-2025 00:22:13 [main] [CheckoutPage] - First Name entered: Injas
[INFO] 23-03-2025 00:22:13 [main] [CheckoutPage] - Last Name entered: Mahendra Berutu
[INFO] 23-03-2025 00:22:13 [main] [CheckoutPage] - Zip Code entered: 99999
[INFO] 23-03-2025 00:22:13 [main] [CheckoutPage] - ✔️ User information form filled successfully.
[INFO] 23-03-2025 00:22:13 [main] [CheckoutPage] - Clicking the 'Continue to Checkout' button
[INFO] 23-03-2025 00:22:13 [main] [CheckoutPage] - 'Continue to Checkout' button clicked
[INFO] 23-03-2025 00:22:13 [main] [CheckoutPage] - Checkout Overview page is visible with header: 'Checkout: Overview'
[INFO] 23-03-2025 00:23:31 [main] [DriverFactory] - config.properties file has been loaded successfully
[INFO] 23-03-2025 00:23:32 [main] [DriverFactory] - chrome browser has been selected
[INFO] 23-03-2025 00:23:33 [main] [LoginPage] - Entered username: By.xpath: //input[@id='user-name'] into the username field
[INFO] 23-03-2025 00:23:33 [main] [LoginPage] - Entered password: By.xpath: //input[@id='password'] into the password field
[INFO] 23-03-2025 00:23:34 [main] [LoginPage] - Clicked login button: By.xpath: //input[@id='login-button']
[INFO] 23-03-2025 00:23:34 [main] [ProductPage] - Waiting for product page label to be visible: By.xpath: //div[@class='product_label']
[INFO] 23-03-2025 00:23:34 [main] [ProductPage] - Retrieved product page label: 'Products'
[INFO] 23-03-2025 00:23:34 [main] [ProductPage] - User clicked 'Add to Cart' button for product: Sauce Labs Backpack
[INFO] 23-03-2025 00:23:34 [main] [ProductPage] - User clicked 'Cart' button, navigating to Cart Page: By.xpath: //a[contains(@class,'shopping_cart_link fa-layers')]
[INFO] 23-03-2025 00:23:34 [main] [ProductPage] - Added product are visible
[INFO] 23-03-2025 00:23:35 [main] [CheckoutPage] - Checkout button clicked successfully: By.xpath: //a[@class='btn_action checkout_button']
[INFO] 23-03-2025 00:23:35 [main] [CheckoutPage] - First Name entered: Injas
[INFO] 23-03-2025 00:23:35 [main] [CheckoutPage] - Last Name entered: Mahendra Berutu
[INFO] 23-03-2025 00:23:35 [main] [CheckoutPage] - Zip Code entered: 99999
[INFO] 23-03-2025 00:23:35 [main] [CheckoutPage] - ✔️ User information form filled successfully.
[INFO] 23-03-2025 00:23:35 [main] [CheckoutPage] - Clicking the 'Continue to Checkout' button
[INFO] 23-03-2025 00:23:35 [main] [CheckoutPage] - 'Continue to Checkout' button clicked
[INFO] 23-03-2025 00:23:35 [main] [CheckoutPage] - Checkout Overview page is visible with header: 'Checkout: Overview'
[INFO] 23-03-2025 00:25:22 [main] [DriverFactory] - config.properties file has been loaded successfully
[INFO] 23-03-2025 00:25:23 [main] [DriverFactory] - chrome browser has been selected
[INFO] 23-03-2025 00:25:24 [main] [LoginPage] - Entered username: By.xpath: //input[@id='user-name'] into the username field
[INFO] 23-03-2025 00:25:24 [main] [LoginPage] - Entered password: By.xpath: //input[@id='password'] into the password field
[INFO] 23-03-2025 00:25:24 [main] [LoginPage] - Clicked login button: By.xpath: //input[@id='login-button']
[INFO] 23-03-2025 00:25:24 [main] [ProductPage] - Waiting for product page label to be visible: By.xpath: //div[@class='product_label']
[INFO] 23-03-2025 00:25:24 [main] [ProductPage] - Retrieved product page label: 'Products'
[INFO] 23-03-2025 00:25:24 [main] [ProductPage] - User clicked 'Add to Cart' button for product: Sauce Labs Backpack
[INFO] 23-03-2025 00:25:24 [main] [ProductPage] - User clicked 'Cart' button, navigating to Cart Page: By.xpath: //a[contains(@class,'shopping_cart_link fa-layers')]
[INFO] 23-03-2025 00:25:24 [main] [ProductPage] - Added product are visible
[INFO] 23-03-2025 00:25:25 [main] [CheckoutPage] - Checkout button clicked successfully: By.xpath: //a[@class='btn_action checkout_button']
[INFO] 23-03-2025 00:25:25 [main] [CheckoutPage] - First Name entered: Injas
[INFO] 23-03-2025 00:25:25 [main] [CheckoutPage] - Last Name entered: Mahendra Berutu
[INFO] 23-03-2025 00:25:25 [main] [CheckoutPage] - Zip Code entered: 99999
[INFO] 23-03-2025 00:25:25 [main] [CheckoutPage] - ✔️ User information form filled successfully.
[INFO] 23-03-2025 00:25:25 [main] [CheckoutPage] - Clicking the 'Continue to Checkout' button
[INFO] 23-03-2025 00:25:25 [main] [CheckoutPage] - 'Continue to Checkout' button clicked
[INFO] 23-03-2025 00:25:25 [main] [CheckoutPage] - Checkout Overview page is visible with header: 'Checkout: Overview'
[INFO] 23-03-2025 00:25:25 [main] [CheckoutPage] - Clicking the 'Finish' button
[INFO] 23-03-2025 00:25:26 [main] [CheckoutPage] - 'Finish' button clicked
[INFO] 23-03-2025 00:25:26 [main] [CheckoutPage] - Order success message displayed: 'THANK YOU FOR YOUR ORDER'
